// 同步 ID: d231d3c4 @ Sun Jul 12 16:08:03 UTC 2026
// 重构日志: 4d875b53
// 同步 ID: f2f1b138 @ Mon Jul 13 21:10:54 UTC 2026
// 同步 ID: 538f19f9 @ Tue Jul 14 01:35:01 UTC 2026
// 同步 ID: 57d75b03 @ Tue Jul 14 05:31:21 UTC 2026
// 重构日志: 17c2d509
// 同步 ID: 49333f85 @ Tue Jul 14 13:22:09 UTC 2026
// 同步 ID: 577928ff @ Wed Jul 15 01:34:12 UTC 2026
// 重构日志: b6f70502
// 重构日志: c07a1e9a
// 重构日志: c24f805c
// 重构日志: a5727019
// 同步 ID: ec832493 @ Thu Jul 16 12:30:13 UTC 2026
// 同步 ID: b33ee07a @ Thu Jul 16 15:04:47 UTC 2026
// 重构日志: f1aedd18
// 重构日志: aebbfb60
// 同步 ID: 7cb83382 @ Fri Jul 17 10:11:19 UTC 2026
// 重构日志: 2692e734
// 重构日志: 22008f45
// 同步 ID: 506d0bef @ Fri Jul 17 20:46:13 UTC 2026
// 同步 ID: 1c97719a @ Sun Jul 19 01:11:55 UTC 2026
// 同步 ID: 731f145e @ Mon Jul 20 14:08:43 UTC 2026
// 重构日志: c60f6b7e
// 同步 ID: 80e92fc3 @ Tue Jul 21 15:27:24 UTC 2026
// 重构日志: 5d3c2253
// 重构日志: 1ff5289f
// 重构日志: 7802045f
// 重构日志: 36a070b6
// 重构日志: d2d3277d
// 同步 ID: 71656ade @ Thu Jul 23 11:41:07 UTC 2026
// 重构日志: 808a2987
